<?xml version="1.0" encoding="UTF-8"?>
<!-- Generated by org.testng.reporters.JUnitReportReporter -->
<testsuite hostname="Sanskruti" failures="0" tests="1" name="Test_testngDemo.AlertHandle" time="9.822" errors="0" timestamp="2022-09-29T10:45:11 IST" skipped="0">
  <testcase classname="Test_testngDemo.AlertHandle" name="HandleAlert" time="9.822"/>
  <system-out/>
</testsuite> <!-- Test_testngDemo.AlertHandle -->
