<?xml version="1.0" encoding="UTF-8"?>
<!-- Generated by org.testng.reporters.JUnitReportReporter -->
<testsuite hostname="Sanskruti" failures="0" tests="1" name="Test_testngDemo.ChildWindowHandle" time="10.303" errors="0" timestamp="2022-09-29T10:42:24 IST" skipped="0">
  <testcase classname="Test_testngDemo.ChildWindowHandle" name="verifyChildWindowHandle" time="10.303"/>
  <system-out/>
</testsuite> <!-- Test_testngDemo.ChildWindowHandle -->
