<?xml version="1.0" encoding="UTF-8"?>
<!-- Generated by org.testng.reporters.JUnitReportReporter -->
<testsuite hostname="Sanskruti" failures="0" tests="1" name="Test_testngDemo.Test_amazon" time="45.205" errors="0" timestamp="2022-10-04T23:08:39 IST" skipped="0">
  <testcase classname="Test_testngDemo.Test_amazon" name="testFunAmazon" time="45.205"/>
  <system-out/>
</testsuite> <!-- Test_testngDemo.Test_amazon -->
