<?xml version="1.0" encoding="UTF-8"?>
<!-- Generated by org.testng.reporters.JUnitReportReporter -->
<testsuite hostname="Sanskruti" failures="0" tests="1" name="Testcases.Testloginpom2" time="13.112" errors="0" timestamp="2022-10-01T13:21:13 IST" skipped="0">
  <testcase classname="Testcases.Testloginpom2" name="test1" time="13.112"/>
  <system-out/>
</testsuite> <!-- Testcases.Testloginpom2 -->
