<?xml version="1.0" encoding="UTF-8"?>
<!-- Generated by org.testng.reporters.JUnitReportReporter -->
<testsuite hostname="Sanskruti" failures="0" tests="2" name="Test_testngDemo.Testt6" time="0.013" errors="0" timestamp="2022-09-27T18:40:19 IST" skipped="0">
  <testcase classname="Test_testngDemo.Testt6" name="a3" time="0.001"/>
  <system-out/>
  <testcase classname="Test_testngDemo.Testt6" name="a2" time="0.012"/>
  <system-out/>
</testsuite> <!-- Test_testngDemo.Testt6 -->
