<?xml version="1.0" encoding="UTF-8"?>
<!-- Generated by org.testng.reporters.JUnitReportReporter -->
<testsuite hostname="Sanskruti" failures="0" tests="1" name="Test_testngDemo.Test_crosss" time="3.252" errors="0" timestamp="2022-09-28T22:23:21 IST" skipped="0">
  <testcase classname="Test_testngDemo.Test_crosss" name="test3" time="3.252"/>
  <system-out/>
</testsuite> <!-- Test_testngDemo.Test_crosss -->
