<?xml version="1.0" encoding="UTF-8"?>
<!-- Generated by org.testng.reporters.JUnitReportReporter -->
<testsuite hostname="Sanskruti" failures="0" tests="2" name="Test_testngDemo.Testt5" time="0.008" errors="0" timestamp="2022-09-29T10:49:34 IST" skipped="0">
  <testcase classname="Test_testngDemo.Testt5" name="M2" time="0.007"/>
  <system-out/>
  <testcase classname="Test_testngDemo.Testt5" name="M4" time="0.001"/>
  <system-out/>
</testsuite> <!-- Test_testngDemo.Testt5 -->
