<?xml version="1.0" encoding="UTF-8"?>
<!-- Generated by org.testng.reporters.JUnitReportReporter -->
<testsuite hostname="Sanskruti" failures="0" tests="6" name="Test_testngDemo.Testt4" time="0.009" errors="0" timestamp="2022-09-27T18:21:37 IST" skipped="1">
  <testcase classname="Test_testngDemo.Testt4" name="testc" time="0.004"/>
  <system-out/>
  <testcase classname="Test_testngDemo.Testt4" name="testd" time="0.001"/>
  <system-out/>
  <testcase classname="Test_testngDemo.Testt4" name="testa" time="0.002"/>
  <system-out/>
  <testcase classname="Test_testngDemo.Testt4" name="testa" time="0.002"/>
  <system-out/>
  <testcase classname="Test_testngDemo.Testt4" name="testa" time="0.000"/>
  <system-out/>
  <testcase classname="Test_testngDemo.Testt4" name="testb">
    <skipped/>
  </testcase> <!-- testb -->
  <system-out/>
</testsuite> <!-- Test_testngDemo.Testt4 -->
