<?xml version="1.0" encoding="UTF-8"?>
<!-- Generated by org.testng.reporters.JUnitReportReporter -->
<testsuite hostname="Sanskruti" failures="0" tests="5" name="Test_testngDemo.Testt2" time="0.009" errors="0" timestamp="2022-09-27T18:21:37 IST" skipped="0">
  <testcase classname="Test_testngDemo.Testt2" name="test1" time="0.002"/>
  <system-out/>
  <testcase classname="Test_testngDemo.Testt2" name="test4" time="0.002"/>
  <system-out/>
  <testcase classname="Test_testngDemo.Testt2" name="test2" time="0.002"/>
  <system-out/>
  <testcase classname="Test_testngDemo.Testt2" name="test3" time="0.000"/>
  <system-out/>
  <testcase classname="Test_testngDemo.Testt2" name="test5" time="0.003"/>
  <system-out/>
</testsuite> <!-- Test_testngDemo.Testt2 -->
