<?xml version="1.0" encoding="UTF-8"?>
<!-- Generated by org.testng.reporters.JUnitReportReporter -->
<testsuite hostname="Sanskruti" failures="0" tests="3" name="Test_testngDemo.Testt3" time="14.078" errors="0" timestamp="2022-09-27T18:21:37 IST" skipped="0">
  <testcase classname="Test_testngDemo.Testt3" name="test_VerifyfunFblogin_3" time="2.786"/>
  <system-out/>
  <testcase classname="Test_testngDemo.Testt3" name="test_VerifyfunFblogin_2" time="6.387"/>
  <system-out/>
  <testcase classname="Test_testngDemo.Testt3" name="test_VerifyfunFblogin_1" time="4.905"/>
  <system-out/>
</testsuite> <!-- Test_testngDemo.Testt3 -->
