<?xml version="1.0" encoding="UTF-8"?>
<!-- Generated by org.testng.reporters.JUnitReportReporter -->
<testsuite hostname="Sanskruti" failures="0" tests="2" name="Test_testngDemo.Testt1" time="0.003" errors="0" timestamp="2022-09-27T18:21:37 IST" skipped="0">
  <testcase classname="Test_testngDemo.Testt1" name="Test002" time="0.001"/>
  <system-out/>
  <testcase classname="Test_testngDemo.Testt1" name="Test001" time="0.002"/>
  <system-out/>
</testsuite> <!-- Test_testngDemo.Testt1 -->
