<?xml version="1.0" encoding="UTF-8"?>
<!-- Generated by org.testng.reporters.JUnitReportReporter -->
<testsuite hostname="Sanskruti" failures="0" tests="1" name="Testcases.Test_logionpom" time="5.846" errors="0" timestamp="2022-09-30T16:48:21 IST" skipped="0">
  <testcase classname="Testcases.Test_logionpom" name="test1" time="5.846"/>
  <system-out/>
</testsuite> <!-- Testcases.Test_logionpom -->
